[debug] [2025-12-22T05:08:31.342Z] ----------------------------------------------------------------------
[debug] [2025-12-22T05:08:31.345Z] Command:       C:\Program Files\nodejs\node.exe C:\Users\COM\AppData\Roaming\npm\node_modules\firebase-tools\lib\bin\firebase.js init functions
[debug] [2025-12-22T05:08:31.345Z] CLI Version:   15.1.0
[debug] [2025-12-22T05:08:31.345Z] Platform:      win32
[debug] [2025-12-22T05:08:31.345Z] Node Version:  v24.12.0
[debug] [2025-12-22T05:08:31.345Z] Time:          Mon Dec 22 2025 12:08:31 GMT+0700 (Indochina Time)
[debug] [2025-12-22T05:08:31.345Z] ----------------------------------------------------------------------
[debug] 
[info] 
     ######## #### ########  ######## ########     ###     ######  ########
     ##        ##  ##     ## ##       ##     ##  ##   ##  ##       ##
     ######    ##  ########  ######   ########  #########  ######  ######
     ##        ##  ##    ##  ##       ##     ## ##     ##       ## ##
     ##       #### ##     ## ######## ########  ##     ##  ######  ########

You're about to initialize a Firebase project in this directory:

  D:\work\Innovation\go\my-go-api

[info] 
=== Project Setup
[info] 
[info] First, let's associate this project directory with a Firebase project.
[info] You can create multiple project aliases by running firebase use --add, 
[info] 
[debug] [2025-12-22T05:08:36.293Z] > command requires scopes: ["email","openid","https://www.googleapis.com/auth/cloudplatformprojects.readonly","https://www.googleapis.com/auth/firebase","https://www.googleapis.com/auth/cloud-platform"]
[debug] [2025-12-22T05:08:36.293Z] > authorizing via signed-in user (thakdanai.limthongkum@gmail.com)
[debug] [2025-12-22T05:08:36.294Z] Checked if tokens are valid: true, expires at: 1766383374415
[debug] [2025-12-22T05:08:36.294Z] Checked if tokens are valid: true, expires at: 1766383374415
[debug] [2025-12-22T05:08:36.294Z] >>> [apiv2][query] GET https://firebase.googleapis.com/v1beta1/projects/goapi-adcd1 [none]
[debug] [2025-12-22T05:08:36.662Z] <<< [apiv2][status] GET https://firebase.googleapis.com/v1beta1/projects/goapi-adcd1 200
[debug] [2025-12-22T05:08:36.662Z] <<< [apiv2][body] GET https://firebase.googleapis.com/v1beta1/projects/goapi-adcd1 {"projectId":"goapi-adcd1","projectNumber":"768305796206","displayName":"goapi","name":"projects/goapi-adcd1","resources":{"hostingSite":"goapi-adcd1"},"state":"ACTIVE","etag":"1_ecc10e5e-92a4-43d5-91f3-81e83908a14e"}
[info] i  Using project goapi-adcd1 (goapi) . 
[info] 
=== Functions Setup
[debug] [2025-12-22T05:08:36.668Z] > command requires scopes: ["email","openid","https://www.googleapis.com/auth/cloudplatformprojects.readonly","https://www.googleapis.com/auth/firebase","https://www.googleapis.com/auth/cloud-platform"]
[debug] [2025-12-22T05:08:36.668Z] > authorizing via signed-in user (thakdanai.limthongkum@gmail.com)
[debug] [2025-12-22T05:08:36.668Z] [iam] checking project goapi-adcd1 for permissions ["firebase.projects.get"]
[debug] [2025-12-22T05:08:36.669Z] Checked if tokens are valid: true, expires at: 1766383374415
[debug] [2025-12-22T05:08:36.669Z] Checked if tokens are valid: true, expires at: 1766383374415
[debug] [2025-12-22T05:08:36.669Z] >>> [apiv2][query] POST https://cloudresourcemanager.googleapis.com/v1/projects/goapi-adcd1:testIamPermissions [none]
[debug] [2025-12-22T05:08:36.669Z] >>> [apiv2][(partial)header] POST https://cloudresourcemanager.googleapis.com/v1/projects/goapi-adcd1:testIamPermissions x-goog-quota-user=projects/goapi-adcd1
[debug] [2025-12-22T05:08:36.669Z] >>> [apiv2][body] POST https://cloudresourcemanager.googleapis.com/v1/projects/goapi-adcd1:testIamPermissions {"permissions":["firebase.projects.get"]}
[debug] [2025-12-22T05:08:37.890Z] <<< [apiv2][status] POST https://cloudresourcemanager.googleapis.com/v1/projects/goapi-adcd1:testIamPermissions 200
[debug] [2025-12-22T05:08:37.891Z] <<< [apiv2][body] POST https://cloudresourcemanager.googleapis.com/v1/projects/goapi-adcd1:testIamPermissions {"permissions":["firebase.projects.get"]}
[debug] [2025-12-22T05:08:37.891Z] Checked if tokens are valid: true, expires at: 1766383374415
[debug] [2025-12-22T05:08:37.891Z] Checked if tokens are valid: true, expires at: 1766383374415
[debug] [2025-12-22T05:08:37.891Z] Checked if tokens are valid: true, expires at: 1766383374415
[debug] [2025-12-22T05:08:37.891Z] Checked if tokens are valid: true, expires at: 1766383374415
[debug] [2025-12-22T05:08:37.891Z] >>> [apiv2][query] GET https://serviceusage.googleapis.com/v1/projects/goapi-adcd1/services/cloudfunctions.googleapis.com [none]
[debug] [2025-12-22T05:08:37.891Z] >>> [apiv2][(partial)header] GET https://serviceusage.googleapis.com/v1/projects/goapi-adcd1/services/cloudfunctions.googleapis.com x-goog-quota-user=projects/goapi-adcd1
[debug] [2025-12-22T05:08:37.892Z] >>> [apiv2][query] GET https://serviceusage.googleapis.com/v1/projects/goapi-adcd1/services/runtimeconfig.googleapis.com [none]
[debug] [2025-12-22T05:08:37.892Z] >>> [apiv2][(partial)header] GET https://serviceusage.googleapis.com/v1/projects/goapi-adcd1/services/runtimeconfig.googleapis.com x-goog-quota-user=projects/goapi-adcd1
[debug] [2025-12-22T05:08:39.369Z] <<< [apiv2][status] GET https://serviceusage.googleapis.com/v1/projects/goapi-adcd1/services/runtimeconfig.googleapis.com 200
[debug] [2025-12-22T05:08:39.369Z] <<< [apiv2][body] GET https://serviceusage.googleapis.com/v1/projects/goapi-adcd1/services/runtimeconfig.googleapis.com [omitted]
[debug] [2025-12-22T05:08:39.379Z] <<< [apiv2][status] GET https://serviceusage.googleapis.com/v1/projects/goapi-adcd1/services/cloudfunctions.googleapis.com 200
[debug] [2025-12-22T05:08:39.379Z] <<< [apiv2][body] GET https://serviceusage.googleapis.com/v1/projects/goapi-adcd1/services/cloudfunctions.googleapis.com [omitted]
[debug] [2025-12-22T05:08:39.379Z] Checked if tokens are valid: true, expires at: 1766383374415
[debug] [2025-12-22T05:08:39.379Z] Checked if tokens are valid: true, expires at: 1766383374415
[debug] [2025-12-22T05:08:39.379Z] >>> [apiv2][query] POST https://serviceusage.googleapis.com/v1/projects/goapi-adcd1/services/cloudfunctions.googleapis.com:enable [none]
[debug] [2025-12-22T05:08:39.379Z] >>> [apiv2][(partial)header] POST https://serviceusage.googleapis.com/v1/projects/goapi-adcd1/services/cloudfunctions.googleapis.com:enable x-goog-quota-user=projects/goapi-adcd1
[debug] [2025-12-22T05:08:40.975Z] <<< [apiv2][status] POST https://serviceusage.googleapis.com/v1/projects/goapi-adcd1/services/cloudfunctions.googleapis.com:enable 200
[debug] [2025-12-22T05:08:40.975Z] <<< [apiv2][body] POST https://serviceusage.googleapis.com/v1/projects/goapi-adcd1/services/cloudfunctions.googleapis.com:enable [omitted]
[info] Let's create a new codebase for your functions.
[info] A directory corresponding to the codebase will be created in your project
[info] with sample code pre-configured.

[info] See https://firebase.google.com/docs/functions/organize-functions for
[info] more information on organizing your functions using codebases.

[info] Functions can be deployed with firebase deploy.

[debug] [2025-12-22T05:09:33.337Z] ExitPromptError: User force closed the prompt with SIGINT
    at Interface.sigint (C:\Users\COM\AppData\Roaming\npm\node_modules\firebase-tools\node_modules\@inquirer\core\dist\commonjs\lib\create-prompt.js:101:37)
    at Interface.emit (node:events:508:28)
    at [_ttyWrite] [as _ttyWrite] (node:internal/readline/interface:1327:18)
    at ReadStream.onkeypress (node:internal/readline/interface:284:20)
    at ReadStream.emit (node:events:520:35)
    at emitKeys (node:internal/readline/utils:371:14)
    at emitKeys.next (<anonymous>)
    at ReadStream.onData (node:internal/readline/emitKeypressEvents:64:36)
    at ReadStream.emit (node:events:508:28)
    at addChunk (node:internal/streams/readable:559:12)
[error] 
[error] Error: An unexpected error has occurred.
[debug] [2025-12-22T05:10:28.900Z] ----------------------------------------------------------------------
[debug] [2025-12-22T05:10:28.902Z] Command:       C:\Program Files\nodejs\node.exe C:\Users\COM\AppData\Roaming\npm\node_modules\firebase-tools\lib\bin\firebase.js init functions
[debug] [2025-12-22T05:10:28.902Z] CLI Version:   15.1.0
[debug] [2025-12-22T05:10:28.903Z] Platform:      win32
[debug] [2025-12-22T05:10:28.903Z] Node Version:  v24.12.0
[debug] [2025-12-22T05:10:28.903Z] Time:          Mon Dec 22 2025 12:10:28 GMT+0700 (Indochina Time)
[debug] [2025-12-22T05:10:28.903Z] ----------------------------------------------------------------------
[debug] 
[info] 
     ######## #### ########  ######## ########     ###     ######  ########
     ##        ##  ##     ## ##       ##     ##  ##   ##  ##       ##
     ######    ##  ########  ######   ########  #########  ######  ######
     ##        ##  ##    ##  ##       ##     ## ##     ##       ## ##
     ##       #### ##     ## ######## ########  ##     ##  ######  ########

You're about to initialize a Firebase project in this directory:

  D:\work\Innovation\go\my-go-api

[info] 
=== Project Setup
[info] 
[info] First, let's associate this project directory with a Firebase project.
[info] You can create multiple project aliases by running firebase use --add, 
[info] 
[debug] [2025-12-22T05:10:32.378Z] > command requires scopes: ["email","openid","https://www.googleapis.com/auth/cloudplatformprojects.readonly","https://www.googleapis.com/auth/firebase","https://www.googleapis.com/auth/cloud-platform"]
[debug] [2025-12-22T05:10:32.378Z] > authorizing via signed-in user (thakdanai.limthongkum@gmail.com)
[debug] [2025-12-22T05:10:32.379Z] Checked if tokens are valid: true, expires at: 1766383374415
[debug] [2025-12-22T05:10:32.379Z] Checked if tokens are valid: true, expires at: 1766383374415
[debug] [2025-12-22T05:10:32.380Z] >>> [apiv2][query] GET https://firebase.googleapis.com/v1beta1/projects/goapi-adcd1 [none]
[debug] [2025-12-22T05:10:32.775Z] <<< [apiv2][status] GET https://firebase.googleapis.com/v1beta1/projects/goapi-adcd1 200
[debug] [2025-12-22T05:10:32.775Z] <<< [apiv2][body] GET https://firebase.googleapis.com/v1beta1/projects/goapi-adcd1 {"projectId":"goapi-adcd1","projectNumber":"768305796206","displayName":"goapi","name":"projects/goapi-adcd1","resources":{"hostingSite":"goapi-adcd1"},"state":"ACTIVE","etag":"1_ecc10e5e-92a4-43d5-91f3-81e83908a14e"}
[info] i  Using project goapi-adcd1 (goapi) . 
[info] 
=== Functions Setup
[debug] [2025-12-22T05:10:32.781Z] > command requires scopes: ["email","openid","https://www.googleapis.com/auth/cloudplatformprojects.readonly","https://www.googleapis.com/auth/firebase","https://www.googleapis.com/auth/cloud-platform"]
[debug] [2025-12-22T05:10:32.781Z] > authorizing via signed-in user (thakdanai.limthongkum@gmail.com)
[debug] [2025-12-22T05:10:32.781Z] [iam] checking project goapi-adcd1 for permissions ["firebase.projects.get"]
[debug] [2025-12-22T05:10:32.781Z] Checked if tokens are valid: true, expires at: 1766383374415
[debug] [2025-12-22T05:10:32.781Z] Checked if tokens are valid: true, expires at: 1766383374415
[debug] [2025-12-22T05:10:32.781Z] >>> [apiv2][query] POST https://cloudresourcemanager.googleapis.com/v1/projects/goapi-adcd1:testIamPermissions [none]
[debug] [2025-12-22T05:10:32.781Z] >>> [apiv2][(partial)header] POST https://cloudresourcemanager.googleapis.com/v1/projects/goapi-adcd1:testIamPermissions x-goog-quota-user=projects/goapi-adcd1
[debug] [2025-12-22T05:10:32.781Z] >>> [apiv2][body] POST https://cloudresourcemanager.googleapis.com/v1/projects/goapi-adcd1:testIamPermissions {"permissions":["firebase.projects.get"]}
[debug] [2025-12-22T05:10:33.965Z] <<< [apiv2][status] POST https://cloudresourcemanager.googleapis.com/v1/projects/goapi-adcd1:testIamPermissions 200
[debug] [2025-12-22T05:10:33.965Z] <<< [apiv2][body] POST https://cloudresourcemanager.googleapis.com/v1/projects/goapi-adcd1:testIamPermissions {"permissions":["firebase.projects.get"]}
[info] Let's create a new codebase for your functions.
[info] A directory corresponding to the codebase will be created in your project
[info] with sample code pre-configured.

[info] See https://firebase.google.com/docs/functions/organize-functions for
[info] more information on organizing your functions using codebases.

[info] Functions can be deployed with firebase deploy.

[debug] [2025-12-22T05:10:37.308Z] ExitPromptError: User force closed the prompt with SIGINT
    at Interface.sigint (C:\Users\COM\AppData\Roaming\npm\node_modules\firebase-tools\node_modules\@inquirer\core\dist\commonjs\lib\create-prompt.js:101:37)
    at Interface.emit (node:events:508:28)
    at [_ttyWrite] [as _ttyWrite] (node:internal/readline/interface:1327:18)
    at ReadStream.onkeypress (node:internal/readline/interface:284:20)
    at ReadStream.emit (node:events:520:35)
    at emitKeys (node:internal/readline/utils:371:14)
    at emitKeys.next (<anonymous>)
    at ReadStream.onData (node:internal/readline/emitKeypressEvents:64:36)
    at ReadStream.emit (node:events:508:28)
    at addChunk (node:internal/streams/readable:559:12)
[error] 
[error] Error: An unexpected error has occurred.
